<?xml version="1.0" encoding="UTF-8"?>
<testng-results ignored="0" total="1" passed="1" failed="0" skipped="0">
  <reporter-output>
  </reporter-output>
  <suite started-at="2021-04-22T17:14:42 PDT" name="Default suite" finished-at="2021-04-22T17:15:07 PDT" duration-ms="25048">
    <groups>
    </groups>
    <test started-at="2021-04-22T17:14:42 PDT" name="Default test" finished-at="2021-04-22T17:15:07 PDT" duration-ms="25048">
      <class name="com.rk.scripts.TC01">
        <test-method is-config="true" signature="generateReport()[pri:0, instance:com.rk.scripts.TC01@2bbf180e]" started-at="2021-04-22T17:14:42 PDT" name="generateReport" finished-at="2021-04-22T17:14:43 PDT" duration-ms="286" status="PASS">
          <reporter-output>
          </reporter-output>
        </test-method> <!-- generateReport -->
        <test-method is-config="true" signature="beforeClass()[pri:0, instance:com.rk.scripts.TC01@2bbf180e]" started-at="2021-04-22T17:14:43 PDT" name="beforeClass" finished-at="2021-04-22T17:14:47 PDT" duration-ms="4748" status="PASS">
          <reporter-output>
          </reporter-output>
        </test-method> <!-- beforeClass -->
        <test-method is-config="true" signature="methodName(java.lang.reflect.Method)[pri:0, instance:com.rk.scripts.TC01@2bbf180e]" started-at="2021-04-22T17:14:47 PDT" name="methodName" finished-at="2021-04-22T17:14:47 PDT" duration-ms="7" status="PASS">
          <params>
            <param index="0">
              <value>
                <![CDATA[public void com.rk.scripts.TC01.Login_Logout_Amazon()]]>
              </value>
            </param>
          </params>
          <reporter-output>
          </reporter-output>
        </test-method> <!-- methodName -->
        <test-method signature="Login_Logout_Amazon()[pri:0, instance:com.rk.scripts.TC01@2bbf180e]" started-at="2021-04-22T17:14:47 PDT" name="Login_Logout_Amazon" finished-at="2021-04-22T17:15:06 PDT" duration-ms="18333" status="PASS">
          <reporter-output>
          </reporter-output>
        </test-method> <!-- Login_Logout_Amazon -->
        <test-method is-config="true" signature="afterClass()[pri:0, instance:com.rk.scripts.TC01@2bbf180e]" started-at="2021-04-22T17:15:06 PDT" name="afterClass" finished-at="2021-04-22T17:15:07 PDT" duration-ms="1640" status="PASS">
          <reporter-output>
          </reporter-output>
        </test-method> <!-- afterClass -->
      </class> <!-- com.rk.scripts.TC01 -->
    </test> <!-- Default test -->
  </suite> <!-- Default suite -->
</testng-results>
